<?xml version="1.0" encoding="UTF-8"?>
<testng-results ignored="0" total="1" passed="1" failed="0" skipped="0">
  <reporter-output>
    <line>
      <![CDATA[openBrowser]]>
    </line>
    <line>
      <![CDATA[login]]>
    </line>
    <line>
      <![CDATA[CreateCustomer]]>
    </line>
    <line>
      <![CDATA[logOut]]>
    </line>
    <line>
      <![CDATA[closeBrowser]]>
    </line>
  </reporter-output>
  <suite started-at="2023-02-10T11:14:36 IST" name="Default suite" finished-at="2023-02-10T11:17:22 IST" duration-ms="165461">
    <groups>
    </groups>
    <test started-at="2023-02-10T11:14:36 IST" name="Default test" finished-at="2023-02-10T11:17:22 IST" duration-ms="165461">
      <class name="com.actitime.testscript.CustomerModule">
        <test-method is-config="true" signature="openBrowser()[pri:0, instance:com.actitime.testscript.CustomerModule@130161f7]" started-at="2023-02-10T11:14:36 IST" name="openBrowser" finished-at="2023-02-10T11:14:49 IST" duration-ms="12311" status="PASS">
          <reporter-output>
            <line>
              <![CDATA[openBrowser]]>
            </line>
          </reporter-output>
        </test-method> <!-- openBrowser -->
        <test-method is-config="true" signature="login()[pri:0, instance:com.actitime.testscript.CustomerModule@130161f7]" started-at="2023-02-10T11:14:49 IST" name="login" finished-at="2023-02-10T11:14:58 IST" duration-ms="9085" status="PASS">
          <reporter-output>
            <line>
              <![CDATA[login]]>
            </line>
          </reporter-output>
        </test-method> <!-- login -->
        <test-method signature="testCreateCustomer()[pri:0, instance:com.actitime.testscript.CustomerModule@130161f7]" started-at="2023-02-10T11:14:58 IST" name="testCreateCustomer" finished-at="2023-02-10T11:17:19 IST" duration-ms="140831" status="PASS">
          <reporter-output>
            <line>
              <![CDATA[CreateCustomer]]>
            </line>
          </reporter-output>
        </test-method> <!-- testCreateCustomer -->
        <test-method is-config="true" signature="logOut()[pri:0, instance:com.actitime.testscript.CustomerModule@130161f7]" started-at="2023-02-10T11:17:19 IST" name="logOut" finished-at="2023-02-10T11:17:21 IST" duration-ms="2289" status="PASS">
          <reporter-output>
            <line>
              <![CDATA[logOut]]>
            </line>
          </reporter-output>
        </test-method> <!-- logOut -->
        <test-method is-config="true" signature="closeBrowser()[pri:0, instance:com.actitime.testscript.CustomerModule@130161f7]" started-at="2023-02-10T11:17:21 IST" name="closeBrowser" finished-at="2023-02-10T11:17:22 IST" duration-ms="895" status="PASS">
          <reporter-output>
            <line>
              <![CDATA[closeBrowser]]>
            </line>
          </reporter-output>
        </test-method> <!-- closeBrowser -->
      </class> <!-- com.actitime.testscript.CustomerModule -->
    </test> <!-- Default test -->
  </suite> <!-- Default suite -->
</testng-results>
